<?xml version="1.0" encoding="UTF-8"?>
<!-- Generated by org.testng.reporters.JUnitReportReporter -->
<testsuite hostname="INLEN8520041890" failures="0" tests="3" name="Day34.NewTest" time="0.004" errors="0" timestamp="2023-10-16T14:42:44 IST" skipped="0">
  <testcase classname="Day34.NewTest" name="test1" time="0.001"/>
  <system-out/>
  <testcase classname="Day34.NewTest" name="test2" time="0.001"/>
  <system-out/>
  <testcase classname="Day34.NewTest" name="test3" time="0.002"/>
  <system-out/>
</testsuite> <!-- Day34.NewTest -->
