<?xml version="1.0" encoding="UTF-8"?>
<!-- Generated by org.testng.reporters.JUnitReportReporter -->
<testsuite hostname="INLEN8520041890" failures="0" tests="3" name="Day14.ThirdTestCase" time="0.004" errors="0" timestamp="2023-12-01T17:11:13 IST" skipped="0">
  <testcase classname="Day14.ThirdTestCase" name="test1" time="0.001"/>
  <testcase classname="Day14.ThirdTestCase" name="test2" time="0.001"/>
  <testcase classname="Day14.ThirdTestCase" name="test3" time="0.002"/>
</testsuite> <!-- Day14.ThirdTestCase -->
