<?xml version="1.0" encoding="UTF-8"?>
<!-- Generated by org.testng.reporters.JUnitReportReporter -->
<testsuite hostname="INLEN8520041890" failures="0" tests="2" name="Day34.LoginTest" time="0.024" errors="0" timestamp="2023-10-16T15:17:38 IST" skipped="0">
  <testcase classname="Day34.LoginTest" name="search" time="0.020"/>
  <system-out/>
  <testcase classname="Day34.LoginTest" name="advancesearch" time="0.004"/>
  <system-out/>
</testsuite> <!-- Day34.LoginTest -->
