<?xml version="1.0" encoding="UTF-8"?>
<!-- Generated by org.testng.reporters.JUnitReportReporter -->
<testsuite hostname="INLEN8520041890" failures="0" tests="1" name="Day34.HardAssertion" time="0.010" errors="0" timestamp="2023-10-16T17:00:09 IST" skipped="0">
  <testcase classname="Day34.HardAssertion" name="test1" time="0.010"/>
  <system-out/>
</testsuite> <!-- Day34.HardAssertion -->
