<?xml version="1.0" encoding="UTF-8"?>
<!-- Generated by org.testng.reporters.JUnitReportReporter -->
<testsuite hostname="INLEN8520041890" failures="0" tests="3" name="Day14.FirstTest" time="0.021" errors="0" timestamp="2023-12-11T10:24:17 IST" skipped="0">
  <testcase classname="Day14.FirstTest" name="openApp" time="0.017"/>
  <testcase classname="Day14.FirstTest" name="Login" time="0.001"/>
  <testcase classname="Day14.FirstTest" name="Logout" time="0.003"/>
</testsuite> <!-- Day14.FirstTest -->
